<?xml version="1.0" encoding="UTF-8"?>
<!-- Generated by org.testng.reporters.JUnitReportReporter -->
<testsuite hostname="agaviria" failures="0" tests="1" name="com.myagd.example.AppTest" time="0.018" errors="0" timestamp="2024-01-23T22:35:49 COT" skipped="0">
  <testcase classname="com.myagd.example.AppTest" name="shouldAnswerWithTrue" time="0.018"/>
</testsuite> <!-- com.myagd.example.AppTest -->
